<?xml version="1.0" encoding="UTF-8"?>
<testng-results ignored="0" total="2" passed="2" failed="0" skipped="0">
  <reporter-output>
  </reporter-output>
  <suite started-at="2021-04-02T00:04:35 IST" name="Default suite" finished-at="2021-04-02T00:04:35 IST" duration-ms="104">
    <groups>
    </groups>
    <test started-at="2021-04-02T00:04:35 IST" name="Default test" finished-at="2021-04-02T00:04:35 IST" duration-ms="104">
      <class name="qaclickacademy.Mavenjava.AppiumTest">
        <test-method signature="IOSApps()[pri:0, instance:qaclickacademy.Mavenjava.AppiumTest@1e683a3e]" started-at="2021-04-02T00:04:35 IST" name="IOSApps" finished-at="2021-04-02T00:04:35 IST" duration-ms="20" status="PASS">
          <reporter-output>
          </reporter-output>
        </test-method> <!-- IOSApps -->
        <test-method signature="nativeAppAndroid()[pri:0, instance:qaclickacademy.Mavenjava.AppiumTest@1e683a3e]" started-at="2021-04-02T00:04:35 IST" name="nativeAppAndroid" finished-at="2021-04-02T00:04:35 IST" duration-ms="4" status="PASS">
          <reporter-output>
          </reporter-output>
        </test-method> <!-- nativeAppAndroid -->
      </class> <!-- qaclickacademy.Mavenjava.AppiumTest -->
    </test> <!-- Default test -->
  </suite> <!-- Default suite -->
</testng-results>
